<?xml version="1.0" encoding="UTF-8"?>
<!-- Generated by org.testng.reporters.JUnitXMLReporter -->
<testsuite ignored="1" hostname="DESKTOP-G25F7V2" failures="1" tests="1" name="chromeTest" time="22.259" errors="0" timestamp="2024-01-28T16:10:14 IST">
  <testcase classname="testCases.Logintestcase" name="verifylogin" time="11.449">
    <failure type="java.lang.AssertionError" message="null">
      <![CDATA[java.lang.AssertionError: null
at testCases.Logintestcase.verifylogin(Logintestcase.java:42)
at java.base/java.util.ArrayList.forEach(ArrayList.java:1511)
at java.base/java.util.concurrent.FutureTask.run(FutureTask.java:317)
at java.base/java.util.concurrent.ThreadPoolExecutor.runWorker(ThreadPoolExecutor.java:1144)
at java.base/java.util.concurrent.ThreadPoolExecutor$Worker.run(ThreadPoolExecutor.java:642)
at java.base/java.lang.Thread.run(Thread.java:1589)
... Removed 17 stack frames]]>
    </failure>
  </testcase> <!-- verifylogin -->
  <testcase classname="testCases.RegisterTestCase" name="verify_register" time="0.0">
    <ignored/>
  </testcase> <!-- verify_register -->
</testsuite> <!-- chromeTest -->
