<?xml version="1.0" encoding="UTF-8"?>
<testng-results ignored="1" total="2" passed="0" failed="1" skipped="0">
  <reporter-output>
  </reporter-output>
  <suite started-at="2024-01-28T16:09:50 IST" name="Suite" finished-at="2024-01-28T16:10:12 IST" duration-ms="22259">
    <groups>
      <group name="regression">
        <method signature="Logintestcase.verifylogin()[pri:1, instance:testCases.Logintestcase@67c27493]" name="verifylogin" class="testCases.Logintestcase"/>
      </group> <!-- regression -->
      <group name="master">
        <method signature="Logintestcase.verifylogin()[pri:1, instance:testCases.Logintestcase@67c27493]" name="verifylogin" class="testCases.Logintestcase"/>
      </group> <!-- master -->
    </groups>
    <test started-at="2024-01-28T16:09:50 IST" name="chromeTest" finished-at="2024-01-28T16:10:12 IST" duration-ms="22259">
      <class name="testCases.Logintestcase">
        <test-method is-config="true" signature="setup(java.lang.String)[pri:0, instance:testCases.Logintestcase@67c27493]" started-at="2024-01-28T16:09:50 IST" name="setup" finished-at="2024-01-28T16:10:00 IST" duration-ms="9965" status="PASS">
          <params>
            <param index="0">
              <value>
                <![CDATA[chrome]]>
              </value>
            </param>
          </params>
          <reporter-output>
          </reporter-output>
        </test-method> <!-- setup -->
        <test-method signature="verifylogin()[pri:1, instance:testCases.Logintestcase@67c27493]" started-at="2024-01-28T16:10:00 IST" name="verifylogin" finished-at="2024-01-28T16:10:11 IST" duration-ms="11449" status="FAIL">
          <exception class="java.lang.AssertionError">
            <message>
              <![CDATA[null]]>
            </message>
            <full-stacktrace>
              <![CDATA[java.lang.AssertionError: null
at org.testng.Assert.fail(Assert.java:110)
at org.testng.Assert.fail(Assert.java:115)
at testCases.Logintestcase.verifylogin(Logintestcase.java:42)
at java.base/jdk.internal.reflect.DirectMethodHandleAccessor.invoke(DirectMethodHandleAccessor.java:104)
at java.base/java.lang.reflect.Method.invoke(Method.java:578)
at org.testng.internal.invokers.MethodInvocationHelper.invokeMethod(MethodInvocationHelper.java:139)
at org.testng.internal.invokers.TestInvoker.invokeMethod(TestInvoker.java:677)
at org.testng.internal.invokers.TestInvoker.invokeTestMethod(TestInvoker.java:221)
at org.testng.internal.invokers.MethodRunner.runInSequence(MethodRunner.java:50)
at org.testng.internal.invokers.TestInvoker$MethodInvocationAgent.invoke(TestInvoker.java:969)
at org.testng.internal.invokers.TestInvoker.invokeTestMethods(TestInvoker.java:194)
at org.testng.internal.invokers.TestMethodWorker.invokeTestMethods(TestMethodWorker.java:148)
at org.testng.internal.invokers.TestMethodWorker.run(TestMethodWorker.java:128)
at java.base/java.util.ArrayList.forEach(ArrayList.java:1511)
at org.testng.TestRunner.privateRun(TestRunner.java:829)
at org.testng.TestRunner.run(TestRunner.java:602)
at org.testng.SuiteRunner.runTest(SuiteRunner.java:437)
at org.testng.SuiteRunner$SuiteWorker.run(SuiteRunner.java:475)
at org.testng.internal.thread.ThreadUtil.lambda$execute$0(ThreadUtil.java:58)
at java.base/java.util.concurrent.FutureTask.run(FutureTask.java:317)
at java.base/java.util.concurrent.ThreadPoolExecutor.runWorker(ThreadPoolExecutor.java:1144)
at java.base/java.util.concurrent.ThreadPoolExecutor$Worker.run(ThreadPoolExecutor.java:642)
at java.base/java.lang.Thread.run(Thread.java:1589)
]]>
            </full-stacktrace>
          </exception> <!-- java.lang.AssertionError -->
          <reporter-output>
          </reporter-output>
        </test-method> <!-- verifylogin -->
        <test-method is-config="true" signature="teardown()[pri:0, instance:testCases.Logintestcase@67c27493]" started-at="2024-01-28T16:10:12 IST" name="teardown" finished-at="2024-01-28T16:10:12 IST" duration-ms="341" status="PASS">
          <reporter-output>
          </reporter-output>
        </test-method> <!-- teardown -->
      </class> <!-- testCases.Logintestcase -->
    </test> <!-- chromeTest -->
  </suite> <!-- Suite -->
</testng-results>
